C:\USERS\STUDENT\DESKTOP\LAB1-LIB\DEBUG\LAB1-LIB.EXE
C:\USERS\STUDENT\DESKTOP\LAB1-LIB\DEBUG\LAB1-LIB.ILK
C:\USERS\STUDENT\DESKTOP\LAB1-LIB\DEBUG\LAB1-LIB.PDB
C:\Users\student\Desktop\lab1-lib\lab1-lib\Debug\cl.command.1.tlog
C:\Users\student\Desktop\lab1-lib\lab1-lib\Debug\CL.read.1.tlog
C:\Users\student\Desktop\lab1-lib\lab1-lib\Debug\CL.write.1.tlog
C:\USERS\STUDENT\DESKTOP\LAB1-LIB\LAB1-LIB\DEBUG\DYNAMIC_ARR.OBJ
C:\USERS\STUDENT\DESKTOP\LAB1-LIB\LAB1-LIB\DEBUG\FILL_DYNAMIC_ARR.OBJ
C:\USERS\STUDENT\DESKTOP\LAB1-LIB\LAB1-LIB\DEBUG\FILLRAND.OBJ
C:\USERS\STUDENT\DESKTOP\LAB1-LIB\LAB1-LIB\DEBUG\LAB1-LIB.EXE.EMBED.MANIFEST
C:\USERS\STUDENT\DESKTOP\LAB1-LIB\LAB1-LIB\DEBUG\LAB1-LIB.EXE.EMBED.MANIFEST.RES
C:\USERS\STUDENT\DESKTOP\LAB1-LIB\LAB1-LIB\DEBUG\LAB1-LIB.EXE.INTERMEDIATE.MANIFEST
C:\USERS\STUDENT\DESKTOP\LAB1-LIB\LAB1-LIB\DEBUG\LAB1-LIB.OBJ
C:\USERS\STUDENT\DESKTOP\LAB1-LIB\LAB1-LIB\DEBUG\LAB1-LIB.PCH
C:\Users\student\Desktop\lab1-lib\lab1-lib\Debug\lab1-lib.write.1.tlog
C:\Users\student\Desktop\lab1-lib\lab1-lib\Debug\lab1-lib_manifest.rc
C:\Users\student\Desktop\lab1-lib\lab1-lib\Debug\link.5588.read.1.tlog
C:\Users\student\Desktop\lab1-lib\lab1-lib\Debug\link.5588.write.1.tlog
C:\Users\student\Desktop\lab1-lib\lab1-lib\Debug\link.5588-cvtres.read.1.tlog
C:\Users\student\Desktop\lab1-lib\lab1-lib\Debug\link.5588-cvtres.write.1.tlog
C:\Users\student\Desktop\lab1-lib\lab1-lib\Debug\link.command.1.tlog
C:\Users\student\Desktop\lab1-lib\lab1-lib\Debug\link.read.1.tlog
C:\Users\student\Desktop\lab1-lib\lab1-lib\Debug\link.write.1.tlog
C:\Users\student\Desktop\lab1-lib\lab1-lib\Debug\link-cvtres.read.1.tlog
C:\Users\student\Desktop\lab1-lib\lab1-lib\Debug\link-cvtres.write.1.tlog
C:\USERS\STUDENT\DESKTOP\LAB1-LIB\LAB1-LIB\DEBUG\MINMAX.OBJ
C:\Users\student\Desktop\lab1-lib\lab1-lib\Debug\mt.command.1.tlog
C:\Users\student\Desktop\lab1-lib\lab1-lib\Debug\mt.read.1.tlog
C:\Users\student\Desktop\lab1-lib\lab1-lib\Debug\mt.write.1.tlog
C:\Users\student\Desktop\lab1-lib\lab1-lib\Debug\rc.command.1.tlog
C:\Users\student\Desktop\lab1-lib\lab1-lib\Debug\rc.read.1.tlog
C:\Users\student\Desktop\lab1-lib\lab1-lib\Debug\rc.write.1.tlog
C:\USERS\STUDENT\DESKTOP\LAB1-LIB\LAB1-LIB\DEBUG\STDAFX.OBJ
C:\USERS\STUDENT\DESKTOP\LAB1-LIB\LAB1-LIB\DEBUG\STUDENTS.OBJ
C:\Users\student\Desktop\lab1-lib\lab1-lib\Debug\vc100.idb
C:\USERS\STUDENT\DESKTOP\LAB1-LIB\LAB1-LIB\DEBUG\VC100.PDB
