Построение начато 30.09.2020 12:07:13.
     1>Проект "C:\Users\student\Desktop\lab1-lib\lab1-lib\lab1-lib.vcxproj" в узле 2 (целевые объекты build).
     1>InitializeBuildStatus:
         Обращение к "Debug\lab1-lib.unsuccessfulbuild".
       ClCompile:
         Для всех выходных данных обновления не требуется.
         C:\Program Files (x86)\Microsoft Visual Studio 10.0\VC\bin\CL.exe /c /ZI /nologo /W3 /WX- /Od /Oy- /D WIN32 /D _DEBUG /D _CONSOLE /D _UNICODE /D UNICODE /Gm /EHsc /RTC1 /MDd /GS /fp:precise /Zc:wchar_t /Zc:forScope /Yu"StdAfx.h" /Fp"Debug\lab1-lib.pch" /Fo"Debug\\" /Fd"Debug\vc100.pdb" /Gd /TP /analyze- /errorReport:prompt fill_dynamic_arr.cpp
         fill_dynamic_arr.cpp
     1>c:\users\student\desktop\lab1-lib\lab1-lib\fill_dynamic_arr.cpp(7): warning C4244: аргумент: преобразование "time_t" в "unsigned int", возможна потеря данных
     1>c:\users\student\desktop\lab1-lib\lab1-lib\fill_dynamic_arr.cpp(11): warning C4996: 'scanf': This function or variable may be unsafe. Consider using scanf_s instead. To disable deprecation, use _CRT_SECURE_NO_WARNINGS. See online help for details.
                 c:\program files (x86)\microsoft visual studio 10.0\vc\include\stdio.h(304): см. объявление "scanf"
       ManifestResourceCompile:
         Для всех выходных данных обновления не требуется.
       Link:
         C:\Program Files (x86)\Microsoft Visual Studio 10.0\VC\bin\link.exe /ERRORREPORT:PROMPT /OUT:"C:\Users\student\Desktop\lab1-lib\Debug\lab1-lib.exe" /INCREMENTAL /NOLOGO kernel32.lib user32.lib gdi32.lib winspool.lib comdlg32.lib advapi32.lib shell32.lib ole32.lib oleaut32.lib uuid.lib odbc32.lib odbccp32.lib /MANIFEST /ManifestFile:"Debug\lab1-lib.exe.intermediate.manifest" /MANIFESTUAC:"level='asInvoker' uiAccess='false'" /DEBUG /PDB:"C:\Users\student\Desktop\lab1-lib\Debug\lab1-lib.pdb" /SUBSYSTEM:CONSOLE /TLBID:1 /DYNAMICBASE /NXCOMPAT /IMPLIB:"C:\Users\student\Desktop\lab1-lib\Debug\lab1-lib.lib" /MACHINE:X86 "Debug\lab1-lib.exe.embed.manifest.res"
         Debug\minmax.obj
         Debug\fillrand.obj
         Debug\dynamic_arr.obj
         Debug\fill_dynamic_arr.obj
         Debug\students.obj
         "Debug\lab1-lib.obj"
         Debug\stdafx.obj
       Manifest:
         C:\Program Files (x86)\Microsoft SDKs\Windows\v7.0A\bin\mt.exe /nologo /verbose /out:"Debug\lab1-lib.exe.embed.manifest" /manifest "Debug\lab1-lib.exe.intermediate.manifest"
         Для всех выходных данных обновления не требуется.
       LinkEmbedManifest:
         Для всех выходных данных обновления не требуется.
         lab1-lib.vcxproj -> C:\Users\student\Desktop\lab1-lib\Debug\lab1-lib.exe
       FinalizeBuildStatus:
         Файл "Debug\lab1-lib.unsuccessfulbuild" удаляется.
         Обращение к "Debug\lab1-lib.lastbuildstate".
     1>Построение проекта "C:\Users\student\Desktop\lab1-lib\lab1-lib\lab1-lib.vcxproj" завершено (целевые объекты build).

Построение успешно завершено.

Затраченное время: 00:00:01.00
