Построение начато 09.09.2020 13:11:46.
     1>Проект "C:\Users\student\Desktop\lab1\lab1logic\lab1\lab1\lab1.2 ╨┐╨╡╤А╨╡╨┤╨╡╨╗╨░╤В╤М\lab1.2\lab1.2.vcxproj" в узле 2 (целевые объекты build).
     1>InitializeBuildStatus:
         Создание "Debug\lab1.2.unsuccessfulbuild", так как было задано "AlwaysCreate".
       ClCompile:
         C:\Program Files (x86)\Microsoft Visual Studio 10.0\VC\bin\CL.exe /c /ZI /nologo /W3 /WX- /Od /Oy- /D _MBCS /Gm /EHsc /RTC1 /MDd /GS /fp:precise /Zc:wchar_t /Zc:forScope /Fo"Debug\\" /Fd"Debug\vc100.pdb" /Gd /TP /analyze- /errorReport:prompt lab1.2.cpp
         lab1.2.cpp
     1>c:\users\student\desktop\lab1\lab1logic\lab1\lab1\lab1.2 ╨┐╨╡╤а╨╡╨┤╨╡╨╗╨░╤в╤м\lab1.2\lab1.2.cpp(8): warning C4244: аргумент: преобразование "time_t" в "unsigned int", возможна потеря данных
     1>c:\users\student\desktop\lab1\lab1logic\lab1\lab1\lab1.2 ╨┐╨╡╤а╨╡╨┤╨╡╨╗╨░╤в╤м\lab1.2\lab1.2.cpp(7): warning C4101: n: неиспользованная локальная переменная
       Link:
         C:\Program Files (x86)\Microsoft Visual Studio 10.0\VC\bin\link.exe /ERRORREPORT:PROMPT /OUT:"C:\Users\student\Desktop\lab1\lab1logic\lab1\lab1\lab1.2 ╨┐╨╡╤А╨╡╨┤╨╡╨╗╨░╤В╤М\Debug\lab1.2.exe" /NOLOGO kernel32.lib user32.lib gdi32.lib winspool.lib comdlg32.lib advapi32.lib shell32.lib ole32.lib oleaut32.lib uuid.lib odbc32.lib odbccp32.lib /MANIFEST /ManifestFile:"Debug\lab1.2.exe.intermediate.manifest" /MANIFESTUAC:"level='asInvoker' uiAccess='false'" /DEBUG /PDB:"C:\Users\student\Desktop\lab1\lab1logic\lab1\lab1\lab1.2 ╨┐╨╡╤А╨╡╨┤╨╡╨╗╨░╤В╤М\Debug\lab1.2.pdb" /TLBID:1 /DYNAMICBASE /NXCOMPAT /IMPLIB:"C:\Users\student\Desktop\lab1\lab1logic\lab1\lab1\lab1.2 ╨┐╨╡╤А╨╡╨┤╨╡╨╗╨░╤В╤М\Debug\lab1.2.lib" /MACHINE:X86 Debug\lab1.2.obj
         LINK : не найден или не выполнена сборка C:\Users\student\Desktop\lab1\lab1logic\lab1\lab1\lab1.2 ╨┐╨╡╤А╨╡╨┤╨╡╨╗╨░╤В╤М\Debug\lab1.2.exe при последней инкрементной компоновке; выполняется полная компоновка
         lab1.2.vcxproj -> C:\Users\student\Desktop\lab1\lab1logic\lab1\lab1\lab1.2 ╨┐╨╡╤А╨╡╨┤╨╡╨╗╨░╤В╤М\Debug\lab1.2.exe
       Manifest:
         C:\Program Files (x86)\Microsoft SDKs\Windows\v7.0A\bin\mt.exe /nologo /verbose /outputresource:"C:\Users\student\Desktop\lab1\lab1logic\lab1\lab1\lab1.2 ╨┐╨╡╤А╨╡╨┤╨╡╨╗╨░╤В╤М\Debug\lab1.2.exe;#1" /manifest Debug\lab1.2.exe.intermediate.manifest
       FinalizeBuildStatus:
         Файл "Debug\lab1.2.unsuccessfulbuild" удаляется.
         Обращение к "Debug\lab1.2.lastbuildstate".
     1>Построение проекта "C:\Users\student\Desktop\lab1\lab1logic\lab1\lab1\lab1.2 ╨┐╨╡╤А╨╡╨┤╨╡╨╗╨░╤В╤М\lab1.2\lab1.2.vcxproj" завершено (целевые объекты build).

Построение успешно завершено.

Затраченное время: 00:00:00.46
