Построение начато 09.09.2020 13:01:38.
     1>Проект "C:\Users\student\Desktop\lab1\lab1logic\╨в╤А╨╛╤И╨║╨╕╨╜, ╨г╤А╤П╨┤╨╛╨▓\lab1\lab0 ╨┐╤А╨╛╨▓╨╡╤А╨╕╤В╤М\lab0\lab0.vcxproj" в узле 2 (целевые объекты build).
     1>InitializeBuildStatus:
         Обращение к "Debug\lab1.1.unsuccessfulbuild".
       ClCompile:
         C:\Program Files (x86)\Microsoft Visual Studio 10.0\VC\bin\CL.exe /c /ZI /nologo /W3 /WX- /Od /Oy- /D WIN32 /D _DEBUG /D _CONSOLE /D _UNICODE /D UNICODE /Gm /EHsc /RTC1 /MDd /GS /fp:precise /Zc:wchar_t /Zc:forScope /Yu"StdAfx.h" /Fp"Debug\lab1.1.pch" /Fo"Debug\\" /Fd"Debug\vc100.pdb" /Gd /TP /analyze- /errorReport:prompt lab0.cpp
         lab0.cpp
     1>c:\users\student\desktop\lab1\lab1logic\╨в╤а╨╛╤и╨║╨╕╨╜, ╨г╤а╤п╨┤╨╛╨▓\lab1\lab0 ╨┐╤а╨╛╨▓╨╡╤а╨╕╤в╤м\lab0\lab0.cpp(2): warning C4627: #include <conio.h>: пропущен при поиске использования предкомпилированного заголовка
                 Добавление директивы в "StdAfx.h" или перестройка предкомпилированного заголовка
       ManifestResourceCompile:
         C:\Program Files (x86)\Microsoft SDKs\Windows\v7.0A\bin\rc.exe /nologo /fo"Debug\lab1.1.exe.embed.manifest.res" Debug\lab1.1_manifest.rc 
       Link:
         C:\Program Files (x86)\Microsoft Visual Studio 10.0\VC\bin\link.exe /ERRORREPORT:PROMPT /OUT:"C:\Users\student\Desktop\lab1\lab1logic\╨в╤А╨╛╤И╨║╨╕╨╜, ╨г╤А╤П╨┤╨╛╨▓\lab1\lab0 ╨┐╤А╨╛╨▓╨╡╤А╨╕╤В╤М\Debug\lab1.1.exe" /INCREMENTAL /NOLOGO kernel32.lib user32.lib gdi32.lib winspool.lib comdlg32.lib advapi32.lib shell32.lib ole32.lib oleaut32.lib uuid.lib odbc32.lib odbccp32.lib /MANIFEST /ManifestFile:"Debug\lab1.1.exe.intermediate.manifest" /MANIFESTUAC:"level='asInvoker' uiAccess='false'" /DEBUG /PDB:"C:\Users\student\Desktop\lab1\lab1logic\╨в╤А╨╛╤И╨║╨╕╨╜, ╨г╤А╤П╨┤╨╛╨▓\lab1\lab0 ╨┐╤А╨╛╨▓╨╡╤А╨╕╤В╤М\Debug\lab1.1.pdb" /SUBSYSTEM:CONSOLE /TLBID:1 /DYNAMICBASE /NXCOMPAT /IMPLIB:"C:\Users\student\Desktop\lab1\lab1logic\╨в╤А╨╛╤И╨║╨╕╨╜, ╨г╤А╤П╨┤╨╛╨▓\lab1\lab0 ╨┐╤А╨╛╨▓╨╡╤А╨╕╤В╤М\Debug\lab1.1.lib" /MACHINE:X86 Debug\lab1.1.exe.embed.manifest.res
         Debug\lab0.obj
       Manifest:
         C:\Program Files (x86)\Microsoft SDKs\Windows\v7.0A\bin\mt.exe /nologo /verbose /out:"Debug\lab1.1.exe.embed.manifest" /manifest Debug\lab1.1.exe.intermediate.manifest
         C:\Program Files (x86)\Microsoft SDKs\Windows\v7.0A\bin\rc.exe /nologo /fo"Debug\lab1.1.exe.embed.manifest.res" Debug\lab1.1_manifest.rc 
       LinkEmbedManifest:
         C:\Program Files (x86)\Microsoft Visual Studio 10.0\VC\bin\link.exe /ERRORREPORT:PROMPT /OUT:"C:\Users\student\Desktop\lab1\lab1logic\╨в╤А╨╛╤И╨║╨╕╨╜, ╨г╤А╤П╨┤╨╛╨▓\lab1\lab0 ╨┐╤А╨╛╨▓╨╡╤А╨╕╤В╤М\Debug\lab1.1.exe" /INCREMENTAL /NOLOGO kernel32.lib user32.lib gdi32.lib winspool.lib comdlg32.lib advapi32.lib shell32.lib ole32.lib oleaut32.lib uuid.lib odbc32.lib odbccp32.lib /MANIFEST /ManifestFile:"Debug\lab1.1.exe.intermediate.manifest" /MANIFESTUAC:"level='asInvoker' uiAccess='false'" /DEBUG /PDB:"C:\Users\student\Desktop\lab1\lab1logic\╨в╤А╨╛╤И╨║╨╕╨╜, ╨г╤А╤П╨┤╨╛╨▓\lab1\lab0 ╨┐╤А╨╛╨▓╨╡╤А╨╕╤В╤М\Debug\lab1.1.pdb" /SUBSYSTEM:CONSOLE /TLBID:1 /DYNAMICBASE /NXCOMPAT /IMPLIB:"C:\Users\student\Desktop\lab1\lab1logic\╨в╤А╨╛╤И╨║╨╕╨╜, ╨г╤А╤П╨┤╨╛╨▓\lab1\lab0 ╨┐╤А╨╛╨▓╨╡╤А╨╕╤В╤М\Debug\lab1.1.lib" /MACHINE:X86 Debug\lab1.1.exe.embed.manifest.res
         Debug\lab0.obj
         lab0.vcxproj -> C:\Users\student\Desktop\lab1\lab1logic\╨в╤А╨╛╤И╨║╨╕╨╜, ╨г╤А╤П╨┤╨╛╨▓\lab1\lab0 ╨┐╤А╨╛╨▓╨╡╤А╨╕╤В╤М\Debug\lab1.1.exe
       FinalizeBuildStatus:
         Файл "Debug\lab1.1.unsuccessfulbuild" удаляется.
         Обращение к "Debug\lab1.1.lastbuildstate".
     1>Построение проекта "C:\Users\student\Desktop\lab1\lab1logic\╨в╤А╨╛╤И╨║╨╕╨╜, ╨г╤А╤П╨┤╨╛╨▓\lab1\lab0 ╨┐╤А╨╛╨▓╨╡╤А╨╕╤В╤М\lab0\lab0.vcxproj" завершено (целевые объекты build).

Построение успешно завершено.

Затраченное время: 00:00:01.01
